2022-08-24 09:42:53,546 INFO raft peers changed: [Member{ip='192.168.234.114', port=8802, state=UP, extendInfo={raftPort=7802}}, Member{ip='192.168.234.114', port=8801, state=DOWN, extendInfo={raftPort=7801}}]

2022-08-24 09:42:53,591 INFO initializing Raft sub-system

2022-08-24 09:42:53,804 INFO finish loading all datums, size: 6 cost 213 ms.

2022-08-24 09:42:53,808 INFO cache loaded, datum count: 6, current term: 0

2022-08-24 09:42:53,808 INFO finish to load data from disk, cost: 217 ms.

2022-08-24 09:42:53,813 INFO timer started: leader timeout ms: 15000, heart-beat timeout ms: 5000

2022-08-24 09:42:54,441 INFO raft peers changed: [Member{ip='192.168.234.114', port=8802, state=UP, extendInfo={raftPort=7802}}, Member{ip='192.168.234.114', port=8801, state=DOWN, extendInfo={raftPort=7801}}]

2022-08-24 09:42:55,710 INFO Raft group naming_persistent_service has leader null

2022-08-24 09:42:56,221 INFO snapshot load from : D:\Projects\spring-cloud-study-advance\nacos2\data\protocol\raft\naming_persistent_service\snapshot\snapshot_58\naming_persistent

2022-08-24 09:42:57,472 INFO add listener: com.alibaba.nacos.naming.domains.meta.00-00---000-NACOS_SWITCH_DOMAIN-000---00-00

2022-08-24 09:42:57,499 INFO add listener: com.alibaba.nacos.naming.domains.meta.

2022-08-24 09:42:57,499 INFO [RAFT-NOTIFIER] datum is changed, key: com.alibaba.nacos.naming.domains.meta.public##DEFAULT_GROUP@@borrowservice, value: Service{name='DEFAULT_GROUP@@borrowservice', protectThreshold=0.0, appName='null', groupName='DEFAULT_GROUP', metadata={}}

2022-08-24 09:42:57,501 INFO add listener: com.alibaba.nacos.naming.iplist.public##DEFAULT_GROUP@@borrowservice

2022-08-24 09:42:57,615 INFO [RAFT-NOTIFIER] datum is changed, key: com.alibaba.nacos.naming.domains.meta.public##DEFAULT_GROUP@@userservice, value: Service{name='DEFAULT_GROUP@@userservice', protectThreshold=0.0, appName='null', groupName='DEFAULT_GROUP', metadata={}}

2022-08-24 09:42:57,616 INFO add listener: com.alibaba.nacos.naming.iplist.public##DEFAULT_GROUP@@userservice

2022-08-24 09:42:57,619 INFO [RAFT-NOTIFIER] datum is changed, key: com.alibaba.nacos.naming.domains.meta.public##DEFAULT_GROUP@@bookservice, value: Service{name='DEFAULT_GROUP@@bookservice', protectThreshold=0.0, appName='null', groupName='DEFAULT_GROUP', metadata={}}

2022-08-24 09:42:57,619 INFO add listener: com.alibaba.nacos.naming.iplist.public##DEFAULT_GROUP@@bookservice

2022-08-24 09:42:59,940 INFO Raft group naming_persistent_service has leader 192.168.234.114:7801

2022-08-24 09:43:00,331 INFO leader timeout, start voting,leader: null, term: 0

2022-08-24 09:43:00,486 INFO received approve from peer: {"ip":"192.168.234.114:8801","voteFor":"192.168.234.114:8801","term":1,"leaderDueMs":11022,"heartbeatDueMs":3000,"state":"CANDIDATE"}

2022-08-24 09:43:03,543 WARN start to close old raft protocol!!!

2022-08-24 09:43:03,543 WARN stop old raft protocol task for notifier

2022-08-24 09:43:03,543 WARN stop old raft protocol task for master task

2022-08-24 09:43:03,543 WARN stop old raft protocol task for heartbeat task

2022-08-24 09:43:03,543 WARN clean old cache datum for old raft

2022-08-24 09:43:03,543 WARN start to close old raft protocol!!!

2022-08-24 09:43:03,543 WARN stop old raft protocol task for notifier

2022-08-24 09:43:03,543 WARN stop old raft protocol task for master task

2022-08-24 09:43:03,543 WARN stop old raft protocol task for heartbeat task

2022-08-24 09:43:03,543 WARN clean old cache datum for old raft

2022-08-24 09:43:03,543 WARN start to move old raft protocol metadata

2022-08-24 09:43:03,543 WARN start to move old raft protocol metadata

2022-08-24 09:43:03,693 INFO raft peers changed: [Member{ip='192.168.234.114', port=8802, state=UP, extendInfo={lastRefreshTime=1661305383543, raftMetaData=com.alibaba.nacos.consistency.ProtocolMetaData@441e1b62, raftPort=7802, version=1.4.3}}, Member{ip='192.168.234.114', port=8801, state=UP, extendInfo={lastRefreshTime=1661305383692, raftMetaData={metaDataMap={naming_persistent_service={leader=192.168.234.114:7801, raftGroupMember=[192.168.234.114:7802, 192.168.234.114:7801], term=4}}}, raftPort=7801, version=1.4.3}}]

